[debug] [2023-06-06T05:37:13.096Z] ----------------------------------------------------------------------
[debug] [2023-06-06T05:37:13.101Z] Command:       C:\Program Files\nodejs\node.exe C:\Users\LENOVO\AppData\Roaming\npm\node_modules\firebase-tools\lib\bin\firebase.js init hosting
[debug] [2023-06-06T05:37:13.101Z] CLI Version:   12.3.0
[debug] [2023-06-06T05:37:13.102Z] Platform:      win32
[debug] [2023-06-06T05:37:13.102Z] Node Version:  v18.16.0
[debug] [2023-06-06T05:37:13.103Z] Time:          Tue Jun 06 2023 02:37:13 GMT-0300 (Horário Padrão de Brasília)
[debug] [2023-06-06T05:37:13.103Z] ----------------------------------------------------------------------
[debug] 
[debug] [2023-06-06T05:37:13.111Z] > command requires scopes: ["email","openid","https://www.googleapis.com/auth/cloudplatformprojects.readonly","https://www.googleapis.com/auth/firebase","https://www.googleapis.com/auth/cloud-platform"]
[debug] [2023-06-06T05:37:13.112Z] > authorizing via signed-in user (vitorjarretaribeiro@gmail.com)
[info] 
     ######## #### ########  ######## ########     ###     ######  ########
     ##        ##  ##     ## ##       ##     ##  ##   ##  ##       ##
     ######    ##  ########  ######   ########  #########  ######  ######
     ##        ##  ##    ##  ##       ##     ## ##     ##       ## ##
     ##       #### ##     ## ######## ########  ##     ##  ######  ########

You're about to initialize a Firebase project in this directory:

  D:\Faculdade\Projetos_flutter\Proejto_Glossaio_Oclusao

[info] 
=== Project Setup
[info] 
[info] First, let's associate this project directory with a Firebase project.
[info] You can create multiple project aliases by running firebase use --add, 
[info] but for now we'll just set up a default project.
[info] 
